#
# A fatal error has been detected by the Java Runtime Environment:
#
#  EXCEPTION_ACCESS_VIOLATION (0xc0000005) at pc=0x0000000180005b00, pid=12920, tid=10500
#
# JRE version: Java(TM) SE Runtime Environment (11.0.6+8) (build 11.0.6+8-LTS)
# Java VM: Java HotSpot(TM) 64-Bit Server VM (11.0.6+8-LTS, mixed mode, tiered, compressed oops, g1 gc, windows-amd64)
# Problematic frame:
# C  [rxtxSerial.dll+0x5b00]
#
# No core dump will be written. Minidumps are not enabled by default on client versions of Windows
#
# If you would like to submit a bug report, please visit:
#   http://bugreport.java.com/bugreport/crash.jsp
# The crash happened outside the Java Virtual Machine in native code.
# See problematic frame for where to report the bug.
#

---------------  S U M M A R Y ------------

Command Line: -Dfile.encoding=UTF-8 serial.SerialReadWrite

Host: Intel(R) Core(TM) i7-3770 CPU @ 3.40GHz, 8 cores, 15G,  Windows 10 , 64 bit Build 18362 (10.0.18362.86)
Time: Fri Mar 20 09:37:03 2020 ¢¥eCN©öI¡¾©ö C¡ÍA¨ª¨öA elapsed time: 0 seconds (0d 0h 0m 0s)

---------------  T H R E A D  ---------------

Current thread (0x0000023743197000):  JavaThread "Thread-0" [_thread_in_native, id=10500, stack(0x0000006d3bd00000,0x0000006d3be00000)]

Stack: [0x0000006d3bd00000,0x0000006d3be00000],  sp=0x0000006d3bdfdec0,  free space=1015k
Native frames: (J=compiled Java code, j=interpreted, Vv=VM code, C=native code)
C  [rxtxSerial.dll+0x5b00]

Java frames: (J=compiled Java code, j=interpreted, Vv=VM code)
j  gnu.io.RXTXPort.readArray([BII)I+0
j  gnu.io.RXTXPort$SerialInputStream.read([BII)I+212
j  java.io.BufferedInputStream.fill()V+217 java.base@11.0.6
j  java.io.BufferedInputStream.read1([BII)I+44 java.base@11.0.6
j  java.io.BufferedInputStream.read([BII)I+49 java.base@11.0.6
j  java.io.FilterInputStream.read([B)I+5 java.base@11.0.6
j  serial.SerialReadWrite.serialEvent(Lgnu/io/SerialPortEvent;)V+77
j  gnu.io.RXTXPort.sendEvent(IZ)Z+382
v  ~StubRoutines::call_stub
j  gnu.io.RXTXPort.eventLoop()V+0
j  gnu.io.RXTXPort$MonitorThread.run()V+12
v  ~StubRoutines::call_stub

siginfo: EXCEPTION_ACCESS_VIOLATION (0xc0000005), reading address 0x000000003bdfeb58


Register to memory mapping:

RIP=0x0000000180005b00 rxtxSerial.dll
RAX=0x0000000000000001 is an unknown value
RBX=0x0 is NULL
RCX=0x000000018001d4d5 rxtxSerial.dll
RDX=0xfffffffffffff665 is an unknown value
RSP=0x0000006d3bdfdec0 is pointing into the stack for thread: 0x0000023743197000
RBP=0x00000000ffffffff is an unknown value
RSI=0x0 is NULL
RDI=0x0000023743197340 points into unknown readable memory: 90 5d 8c 84 fc 7f 00 00
R8 =0x0000000000000002 is an unknown value
R9 =0xfffffffffffff63c is an unknown value
R10=0x000000000000000a is an unknown value
R11=0x8101010101010100 is an unknown value
R12=0x000000003bdfeb50 is an unknown value
R13=0x0000000000000007 is an unknown value
R14=0x0000006d3bdfe0b0 is pointing into the stack for thread: 0x0000023743197000
R15=0x0 is NULL


Registers:
RAX=0x0000000000000001, RBX=0x0000000000000000, RCX=0x000000018001d4d5, RDX=0xfffffffffffff665
RSP=0x0000006d3bdfdec0, RBP=0x00000000ffffffff, RSI=0x0000000000000000, RDI=0x0000023743197340
R8 =0x0000000000000002, R9 =0xfffffffffffff63c, R10=0x000000000000000a, R11=0x8101010101010100
R12=0x000000003bdfeb50, R13=0x0000000000000007, R14=0x0000006d3bdfe0b0, R15=0x0000000000000000
RIP=0x0000000180005b00, EFLAGS=0x0000000000010202

Top of Stack: (sp=0x0000006d3bdfdec0)
0x0000006d3bdfdec0:   0000000000000000 0000000000000000
0x0000006d3bdfded0:   0000000000000000 0000023743197340
0x0000006d3bdfdee0:   0000000000000000 0000006d3bdfe0b0
0x0000006d3bdfdef0:   0000023742afa348 0000000000000001
0x0000006d3bdfdf00:   0000023743197340 0000000000000007
0x0000006d3bdfdf10:   ffffffffffffffff 0000000180006211
0x0000006d3bdfdf20:   0000023743158b60 ffffffffffffffff
0x0000006d3bdfdf30:   0000000000000001 0000023743158b60
0x0000006d3bdfdf40:   0000023700000007 00007ffcffffffff
0x0000006d3bdfdf50:   0000006d3bdfe0b8 0000006d3bdfe0b8
0x0000006d3bdfdf60:   0000023742afa348 0000023743197000
0x0000006d3bdfdf70:   00000237430ecbf0 00007ffc8425a1c3
0x0000006d3bdfdf80:   0000006d3bdfe770 0000000000000140
0x0000006d3bdfdf90:   0000000000000140 0000fe26556ce83d
0x0000006d3bdfdfa0:   0000023742afa350 0000023742afa348
0x0000006d3bdfdfb0:   0000023743197000 0000006d3bdfe0b8 

Instructions: (pc=0x0000000180005b00)
0x0000000180005ae0:   15 23 7a 01 00 48 8d 48 60 e8 3a 5d 00 00 4c 8b
0x0000000180005af0:   e5 8b ac 24 88 00 00 00 44 8b ac 24 80 00 00 00
0x0000000180005b00:   45 8b 74 24 08 41 89 5c 24 08 41 8b fd 85 ed 78
0x0000000180005b10:   09 ff 15 e9 14 01 00 44 8b f8 45 85 ed 7e 4a 90 


Stack slot to memory mapping:
stack at sp + 0 slots: 0x0 is NULL
stack at sp + 1 slots: 0x0 is NULL
stack at sp + 2 slots: 0x0 is NULL
stack at sp + 3 slots: 0x0000023743197340 points into unknown readable memory: 90 5d 8c 84 fc 7f 00 00
stack at sp + 4 slots: 0x0 is NULL
stack at sp + 5 slots: 0x0000006d3bdfe0b0 is pointing into the stack for thread: 0x0000023743197000
stack at sp + 6 slots: 0x0000023742afa348 is pointing into metadata
stack at sp + 7 slots: 0x0000000000000001 is an unknown value


---------------  P R O C E S S  ---------------

Threads class SMR info:
_java_thread_list=0x0000023743178840, length=11, elements={
0x000002371ec94000, 0x000002374265d800, 0x0000023742669000, 0x0000023742f7b800,
0x0000023742f7d800, 0x0000023742f8a000, 0x0000023742f93800, 0x0000023742f9f000,
0x000002374310f800, 0x0000023743114800, 0x0000023743197000
}

Java Threads: ( => current thread )
  0x000002371ec94000 JavaThread "main" [_thread_in_Java, id=12964, stack(0x0000006d3ac00000,0x0000006d3ad00000)]
  0x000002374265d800 JavaThread "Reference Handler" daemon [_thread_blocked, id=13064, stack(0x0000006d3b300000,0x0000006d3b400000)]
  0x0000023742669000 JavaThread "Finalizer" daemon [_thread_blocked, id=13056, stack(0x0000006d3b400000,0x0000006d3b500000)]
  0x0000023742f7b800 JavaThread "Signal Dispatcher" daemon [_thread_blocked, id=13108, stack(0x0000006d3b500000,0x0000006d3b600000)]
  0x0000023742f7d800 JavaThread "Attach Listener" daemon [_thread_blocked, id=13104, stack(0x0000006d3b600000,0x0000006d3b700000)]
  0x0000023742f8a000 JavaThread "C2 CompilerThread0" daemon [_thread_blocked, id=13116, stack(0x0000006d3b700000,0x0000006d3b800000)]
  0x0000023742f93800 JavaThread "C1 CompilerThread0" daemon [_thread_in_vm, id=13112, stack(0x0000006d3b800000,0x0000006d3b900000)]
  0x0000023742f9f000 JavaThread "Sweeper thread" daemon [_thread_blocked, id=13180, stack(0x0000006d3b900000,0x0000006d3ba00000)]
  0x000002374310f800 JavaThread "Service Thread" daemon [_thread_blocked, id=13184, stack(0x0000006d3ba00000,0x0000006d3bb00000)]
  0x0000023743114800 JavaThread "Common-Cleaner" daemon [_thread_blocked, id=5736, stack(0x0000006d3bc00000,0x0000006d3bd00000)]
=>0x0000023743197000 JavaThread "Thread-0" [_thread_in_native, id=10500, stack(0x0000006d3bd00000,0x0000006d3be00000)]

Other Threads:
  0x000002374265b000 VMThread "VM Thread" [stack: 0x0000006d3b200000,0x0000006d3b300000] [id=13068]
  0x0000023743113800 WatcherThread [stack: 0x0000006d3bb00000,0x0000006d3bc00000] [id=10456]
  0x000002371ecab000 GCTaskThread "GC Thread#0" [stack: 0x0000006d3ad00000,0x0000006d3ae00000] [id=12972]
  0x000002371ed09000 ConcurrentGCThread "G1 Main Marker" [stack: 0x0000006d3ae00000,0x0000006d3af00000] [id=12960]
  0x000002371ed0b000 ConcurrentGCThread "G1 Conc#0" [stack: 0x0000006d3af00000,0x0000006d3b000000] [id=12968]
  0x000002374253b800 ConcurrentGCThread "G1 Refine#0" [stack: 0x0000006d3b000000,0x0000006d3b100000] [id=12976]
  0x000002374253c800 ConcurrentGCThread "G1 Young RemSet Sampling" [stack: 0x0000006d3b100000,0x0000006d3b200000] [id=13072]

Threads with active compile tasks:
C1 CompilerThread0 239       3       java.lang.invoke.LambdaForm$BasicType::basicType (19 bytes)

VM state:not at safepoint (normal execution)

VM Mutex/Monitor currently owned by a thread: None

Heap address: 0x0000000700c00000, size: 4084 MB, Compressed Oops mode: Zero based, Oop shift amount: 3
Narrow klass base: 0x0000000800000000, Narrow klass shift: 0
Compressed class space size: 1073741824 Address: 0x0000000800000000

Heap:
 garbage-first heap   total 262144K, used 3072K [0x0000000700c00000, 0x0000000800000000)
  region size 1024K, 4 young (4096K), 0 survivors (0K)
 Metaspace       used 7063K, capacity 7182K, committed 7424K, reserved 1056768K
  class space    used 629K, capacity 668K, committed 768K, reserved 1048576K
Heap Regions: E=young(eden), S=young(survivor), O=old, HS=humongous(starts), HC=humongous(continues), CS=collection set, F=free, A=archive, TAMS=top-at-mark-start (previous, next)
|   0|0x0000000700c00000, 0x0000000700c00000, 0x0000000700d00000|  0%| F|  |TAMS 0x0000000700c00000, 0x0000000700c00000| Untracked 
|   1|0x0000000700d00000, 0x0000000700d00000, 0x0000000700e00000|  0%| F|  |TAMS 0x0000000700d00000, 0x0000000700d00000| Untracked 
|   2|0x0000000700e00000, 0x0000000700e00000, 0x0000000700f00000|  0%| F|  |TAMS 0x0000000700e00000, 0x0000000700e00000| Untracked 
|   3|0x0000000700f00000, 0x0000000700f00000, 0x0000000701000000|  0%| F|  |TAMS 0x0000000700f00000, 0x0000000700f00000| Untracked 
|   4|0x0000000701000000, 0x0000000701000000, 0x0000000701100000|  0%| F|  |TAMS 0x0000000701000000, 0x0000000701000000| Untracked 
|   5|0x0000000701100000, 0x0000000701100000, 0x0000000701200000|  0%| F|  |TAMS 0x0000000701100000, 0x0000000701100000| Untracked 
|   6|0x0000000701200000, 0x0000000701200000, 0x0000000701300000|  0%| F|  |TAMS 0x0000000701200000, 0x0000000701200000| Untracked 
|   7|0x0000000701300000, 0x0000000701300000, 0x0000000701400000|  0%| F|  |TAMS 0x0000000701300000, 0x0000000701300000| Untracked 
|   8|0x0000000701400000, 0x0000000701400000, 0x0000000701500000|  0%| F|  |TAMS 0x0000000701400000, 0x0000000701400000| Untracked 
|   9|0x0000000701500000, 0x0000000701500000, 0x0000000701600000|  0%| F|  |TAMS 0x0000000701500000, 0x0000000701500000| Untracked 
|  10|0x0000000701600000, 0x0000000701600000, 0x0000000701700000|  0%| F|  |TAMS 0x0000000701600000, 0x0000000701600000| Untracked 
|  11|0x0000000701700000, 0x0000000701700000, 0x0000000701800000|  0%| F|  |TAMS 0x0000000701700000, 0x0000000701700000| Untracked 
|  12|0x0000000701800000, 0x0000000701800000, 0x0000000701900000|  0%| F|  |TAMS 0x0000000701800000, 0x0000000701800000| Untracked 
|  13|0x0000000701900000, 0x0000000701900000, 0x0000000701a00000|  0%| F|  |TAMS 0x0000000701900000, 0x0000000701900000| Untracked 
|  14|0x0000000701a00000, 0x0000000701a00000, 0x0000000701b00000|  0%| F|  |TAMS 0x0000000701a00000, 0x0000000701a00000| Untracked 
|  15|0x0000000701b00000, 0x0000000701b00000, 0x0000000701c00000|  0%| F|  |TAMS 0x0000000701b00000, 0x0000000701b00000| Untracked 
|  16|0x0000000701c00000, 0x0000000701c00000, 0x0000000701d00000|  0%| F|  |TAMS 0x0000000701c00000, 0x0000000701c00000| Untracked 
|  17|0x0000000701d00000, 0x0000000701d00000, 0x0000000701e00000|  0%| F|  |TAMS 0x0000000701d00000, 0x0000000701d00000| Untracked 
|  18|0x0000000701e00000, 0x0000000701e00000, 0x0000000701f00000|  0%| F|  |TAMS 0x0000000701e00000, 0x0000000701e00000| Untracked 
|  19|0x0000000701f00000, 0x0000000701f00000, 0x0000000702000000|  0%| F|  |TAMS 0x0000000701f00000, 0x0000000701f00000| Untracked 
|  20|0x0000000702000000, 0x0000000702000000, 0x0000000702100000|  0%| F|  |TAMS 0x0000000702000000, 0x0000000702000000| Untracked 
|  21|0x0000000702100000, 0x0000000702100000, 0x0000000702200000|  0%| F|  |TAMS 0x0000000702100000, 0x0000000702100000| Untracked 
|  22|0x0000000702200000, 0x0000000702200000, 0x0000000702300000|  0%| F|  |TAMS 0x0000000702200000, 0x0000000702200000| Untracked 
|  23|0x0000000702300000, 0x0000000702300000, 0x0000000702400000|  0%| F|  |TAMS 0x0000000702300000, 0x0000000702300000| Untracked 
|  24|0x0000000702400000, 0x0000000702400000, 0x0000000702500000|  0%| F|  |TAMS 0x0000000702400000, 0x0000000702400000| Untracked 
|  25|0x0000000702500000, 0x0000000702500000, 0x0000000702600000|  0%| F|  |TAMS 0x0000000702500000, 0x0000000702500000| Untracked 
|  26|0x0000000702600000, 0x0000000702600000, 0x0000000702700000|  0%| F|  |TAMS 0x0000000702600000, 0x0000000702600000| Untracked 
|  27|0x0000000702700000, 0x0000000702700000, 0x0000000702800000|  0%| F|  |TAMS 0x0000000702700000, 0x0000000702700000| Untracked 
|  28|0x0000000702800000, 0x0000000702800000, 0x0000000702900000|  0%| F|  |TAMS 0x0000000702800000, 0x0000000702800000| Untracked 
|  29|0x0000000702900000, 0x0000000702900000, 0x0000000702a00000|  0%| F|  |TAMS 0x0000000702900000, 0x0000000702900000| Untracked 
|  30|0x0000000702a00000, 0x0000000702a00000, 0x0000000702b00000|  0%| F|  |TAMS 0x0000000702a00000, 0x0000000702a00000| Untracked 
|  31|0x0000000702b00000, 0x0000000702b00000, 0x0000000702c00000|  0%| F|  |TAMS 0x0000000702b00000, 0x0000000702b00000| Untracked 
|  32|0x0000000702c00000, 0x0000000702c00000, 0x0000000702d00000|  0%| F|  |TAMS 0x0000000702c00000, 0x0000000702c00000| Untracked 
|  33|0x0000000702d00000, 0x0000000702d00000, 0x0000000702e00000|  0%| F|  |TAMS 0x0000000702d00000, 0x0000000702d00000| Untracked 
|  34|0x0000000702e00000, 0x0000000702e00000, 0x0000000702f00000|  0%| F|  |TAMS 0x0000000702e00000, 0x0000000702e00000| Untracked 
|  35|0x0000000702f00000, 0x0000000702f00000, 0x0000000703000000|  0%| F|  |TAMS 0x0000000702f00000, 0x0000000702f00000| Untracked 
|  36|0x0000000703000000, 0x0000000703000000, 0x0000000703100000|  0%| F|  |TAMS 0x0000000703000000, 0x0000000703000000| Untracked 
|  37|0x0000000703100000, 0x0000000703100000, 0x0000000703200000|  0%| F|  |TAMS 0x0000000703100000, 0x0000000703100000| Untracked 
|  38|0x0000000703200000, 0x0000000703200000, 0x0000000703300000|  0%| F|  |TAMS 0x0000000703200000, 0x0000000703200000| Untracked 
|  39|0x0000000703300000, 0x0000000703300000, 0x0000000703400000|  0%| F|  |TAMS 0x0000000703300000, 0x0000000703300000| Untracked 
|  40|0x0000000703400000, 0x0000000703400000, 0x0000000703500000|  0%| F|  |TAMS 0x0000000703400000, 0x0000000703400000| Untracked 
|  41|0x0000000703500000, 0x0000000703500000, 0x0000000703600000|  0%| F|  |TAMS 0x0000000703500000, 0x0000000703500000| Untracked 
|  42|0x0000000703600000, 0x0000000703600000, 0x0000000703700000|  0%| F|  |TAMS 0x0000000703600000, 0x0000000703600000| Untracked 
|  43|0x0000000703700000, 0x0000000703700000, 0x0000000703800000|  0%| F|  |TAMS 0x0000000703700000, 0x0000000703700000| Untracked 
|  44|0x0000000703800000, 0x0000000703800000, 0x0000000703900000|  0%| F|  |TAMS 0x0000000703800000, 0x0000000703800000| Untracked 
|  45|0x0000000703900000, 0x0000000703900000, 0x0000000703a00000|  0%| F|  |TAMS 0x0000000703900000, 0x0000000703900000| Untracked 
|  46|0x0000000703a00000, 0x0000000703a00000, 0x0000000703b00000|  0%| F|  |TAMS 0x0000000703a00000, 0x0000000703a00000| Untracked 
|  47|0x0000000703b00000, 0x0000000703b00000, 0x0000000703c00000|  0%| F|  |TAMS 0x0000000703b00000, 0x0000000703b00000| Untracked 
|  48|0x0000000703c00000, 0x0000000703c00000, 0x0000000703d00000|  0%| F|  |TAMS 0x0000000703c00000, 0x0000000703c00000| Untracked 
|  49|0x0000000703d00000, 0x0000000703d00000, 0x0000000703e00000|  0%| F|  |TAMS 0x0000000703d00000, 0x0000000703d00000| Untracked 
|  50|0x0000000703e00000, 0x0000000703e00000, 0x0000000703f00000|  0%| F|  |TAMS 0x0000000703e00000, 0x0000000703e00000| Untracked 
|  51|0x0000000703f00000, 0x0000000703f00000, 0x0000000704000000|  0%| F|  |TAMS 0x0000000703f00000, 0x0000000703f00000| Untracked 
|  52|0x0000000704000000, 0x0000000704000000, 0x0000000704100000|  0%| F|  |TAMS 0x0000000704000000, 0x0000000704000000| Untracked 
|  53|0x0000000704100000, 0x0000000704100000, 0x0000000704200000|  0%| F|  |TAMS 0x0000000704100000, 0x0000000704100000| Untracked 
|  54|0x0000000704200000, 0x0000000704200000, 0x0000000704300000|  0%| F|  |TAMS 0x0000000704200000, 0x0000000704200000| Untracked 
|  55|0x0000000704300000, 0x0000000704300000, 0x0000000704400000|  0%| F|  |TAMS 0x0000000704300000, 0x0000000704300000| Untracked 
|  56|0x0000000704400000, 0x0000000704400000, 0x0000000704500000|  0%| F|  |TAMS 0x0000000704400000, 0x0000000704400000| Untracked 
|  57|0x0000000704500000, 0x0000000704500000, 0x0000000704600000|  0%| F|  |TAMS 0x0000000704500000, 0x0000000704500000| Untracked 
|  58|0x0000000704600000, 0x0000000704600000, 0x0000000704700000|  0%| F|  |TAMS 0x0000000704600000, 0x0000000704600000| Untracked 
|  59|0x0000000704700000, 0x0000000704700000, 0x0000000704800000|  0%| F|  |TAMS 0x0000000704700000, 0x0000000704700000| Untracked 
|  60|0x0000000704800000, 0x0000000704800000, 0x0000000704900000|  0%| F|  |TAMS 0x0000000704800000, 0x0000000704800000| Untracked 
|  61|0x0000000704900000, 0x0000000704900000, 0x0000000704a00000|  0%| F|  |TAMS 0x0000000704900000, 0x0000000704900000| Untracked 
|  62|0x0000000704a00000, 0x0000000704a00000, 0x0000000704b00000|  0%| F|  |TAMS 0x0000000704a00000, 0x0000000704a00000| Untracked 
|  63|0x0000000704b00000, 0x0000000704b00000, 0x0000000704c00000|  0%| F|  |TAMS 0x0000000704b00000, 0x0000000704b00000| Untracked 
|  64|0x0000000704c00000, 0x0000000704c00000, 0x0000000704d00000|  0%| F|  |TAMS 0x0000000704c00000, 0x0000000704c00000| Untracked 
|  65|0x0000000704d00000, 0x0000000704d00000, 0x0000000704e00000|  0%| F|  |TAMS 0x0000000704d00000, 0x0000000704d00000| Untracked 
|  66|0x0000000704e00000, 0x0000000704e00000, 0x0000000704f00000|  0%| F|  |TAMS 0x0000000704e00000, 0x0000000704e00000| Untracked 
|  67|0x0000000704f00000, 0x0000000704f00000, 0x0000000705000000|  0%| F|  |TAMS 0x0000000704f00000, 0x0000000704f00000| Untracked 
|  68|0x0000000705000000, 0x0000000705000000, 0x0000000705100000|  0%| F|  |TAMS 0x0000000705000000, 0x0000000705000000| Untracked 
|  69|0x0000000705100000, 0x0000000705100000, 0x0000000705200000|  0%| F|  |TAMS 0x0000000705100000, 0x0000000705100000| Untracked 
|  70|0x0000000705200000, 0x0000000705200000, 0x0000000705300000|  0%| F|  |TAMS 0x0000000705200000, 0x0000000705200000| Untracked 
|  71|0x0000000705300000, 0x0000000705300000, 0x0000000705400000|  0%| F|  |TAMS 0x0000000705300000, 0x0000000705300000| Untracked 
|  72|0x0000000705400000, 0x0000000705400000, 0x0000000705500000|  0%| F|  |TAMS 0x0000000705400000, 0x0000000705400000| Untracked 
|  73|0x0000000705500000, 0x0000000705500000, 0x0000000705600000|  0%| F|  |TAMS 0x0000000705500000, 0x0000000705500000| Untracked 
|  74|0x0000000705600000, 0x0000000705600000, 0x0000000705700000|  0%| F|  |TAMS 0x0000000705600000, 0x0000000705600000| Untracked 
|  75|0x0000000705700000, 0x0000000705700000, 0x0000000705800000|  0%| F|  |TAMS 0x0000000705700000, 0x0000000705700000| Untracked 
|  76|0x0000000705800000, 0x0000000705800000, 0x0000000705900000|  0%| F|  |TAMS 0x0000000705800000, 0x0000000705800000| Untracked 
|  77|0x0000000705900000, 0x0000000705900000, 0x0000000705a00000|  0%| F|  |TAMS 0x0000000705900000, 0x0000000705900000| Untracked 
|  78|0x0000000705a00000, 0x0000000705a00000, 0x0000000705b00000|  0%| F|  |TAMS 0x0000000705a00000, 0x0000000705a00000| Untracked 
|  79|0x0000000705b00000, 0x0000000705b00000, 0x0000000705c00000|  0%| F|  |TAMS 0x0000000705b00000, 0x0000000705b00000| Untracked 
|  80|0x0000000705c00000, 0x0000000705c00000, 0x0000000705d00000|  0%| F|  |TAMS 0x0000000705c00000, 0x0000000705c00000| Untracked 
|  81|0x0000000705d00000, 0x0000000705d00000, 0x0000000705e00000|  0%| F|  |TAMS 0x0000000705d00000, 0x0000000705d00000| Untracked 
|  82|0x0000000705e00000, 0x0000000705e00000, 0x0000000705f00000|  0%| F|  |TAMS 0x0000000705e00000, 0x0000000705e00000| Untracked 
|  83|0x0000000705f00000, 0x0000000705f00000, 0x0000000706000000|  0%| F|  |TAMS 0x0000000705f00000, 0x0000000705f00000| Untracked 
|  84|0x0000000706000000, 0x0000000706000000, 0x0000000706100000|  0%| F|  |TAMS 0x0000000706000000, 0x0000000706000000| Untracked 
|  85|0x0000000706100000, 0x0000000706100000, 0x0000000706200000|  0%| F|  |TAMS 0x0000000706100000, 0x0000000706100000| Untracked 
|  86|0x0000000706200000, 0x0000000706200000, 0x0000000706300000|  0%| F|  |TAMS 0x0000000706200000, 0x0000000706200000| Untracked 
|  87|0x0000000706300000, 0x0000000706300000, 0x0000000706400000|  0%| F|  |TAMS 0x0000000706300000, 0x0000000706300000| Untracked 
|  88|0x0000000706400000, 0x0000000706400000, 0x0000000706500000|  0%| F|  |TAMS 0x0000000706400000, 0x0000000706400000| Untracked 
|  89|0x0000000706500000, 0x0000000706500000, 0x0000000706600000|  0%| F|  |TAMS 0x0000000706500000, 0x0000000706500000| Untracked 
|  90|0x0000000706600000, 0x0000000706600000, 0x0000000706700000|  0%| F|  |TAMS 0x0000000706600000, 0x0000000706600000| Untracked 
|  91|0x0000000706700000, 0x0000000706700000, 0x0000000706800000|  0%| F|  |TAMS 0x0000000706700000, 0x0000000706700000| Untracked 
|  92|0x0000000706800000, 0x0000000706800000, 0x0000000706900000|  0%| F|  |TAMS 0x0000000706800000, 0x0000000706800000| Untracked 
|  93|0x0000000706900000, 0x0000000706900000, 0x0000000706a00000|  0%| F|  |TAMS 0x0000000706900000, 0x0000000706900000| Untracked 
|  94|0x0000000706a00000, 0x0000000706a00000, 0x0000000706b00000|  0%| F|  |TAMS 0x0000000706a00000, 0x0000000706a00000| Untracked 
|  95|0x0000000706b00000, 0x0000000706b00000, 0x0000000706c00000|  0%| F|  |TAMS 0x0000000706b00000, 0x0000000706b00000| Untracked 
|  96|0x0000000706c00000, 0x0000000706c00000, 0x0000000706d00000|  0%| F|  |TAMS 0x0000000706c00000, 0x0000000706c00000| Untracked 
|  97|0x0000000706d00000, 0x0000000706d00000, 0x0000000706e00000|  0%| F|  |TAMS 0x0000000706d00000, 0x0000000706d00000| Untracked 
|  98|0x0000000706e00000, 0x0000000706e00000, 0x0000000706f00000|  0%| F|  |TAMS 0x0000000706e00000, 0x0000000706e00000| Untracked 
|  99|0x0000000706f00000, 0x0000000706f00000, 0x0000000707000000|  0%| F|  |TAMS 0x0000000706f00000, 0x0000000706f00000| Untracked 
| 100|0x0000000707000000, 0x0000000707000000, 0x0000000707100000|  0%| F|  |TAMS 0x0000000707000000, 0x0000000707000000| Untracked 
| 101|0x0000000707100000, 0x0000000707100000, 0x0000000707200000|  0%| F|  |TAMS 0x0000000707100000, 0x0000000707100000| Untracked 
| 102|0x0000000707200000, 0x0000000707200000, 0x0000000707300000|  0%| F|  |TAMS 0x0000000707200000, 0x0000000707200000| Untracked 
| 103|0x0000000707300000, 0x0000000707300000, 0x0000000707400000|  0%| F|  |TAMS 0x0000000707300000, 0x0000000707300000| Untracked 
| 104|0x0000000707400000, 0x0000000707400000, 0x0000000707500000|  0%| F|  |TAMS 0x0000000707400000, 0x0000000707400000| Untracked 
| 105|0x0000000707500000, 0x0000000707500000, 0x0000000707600000|  0%| F|  |TAMS 0x0000000707500000, 0x0000000707500000| Untracked 
| 106|0x0000000707600000, 0x0000000707600000, 0x0000000707700000|  0%| F|  |TAMS 0x0000000707600000, 0x0000000707600000| Untracked 
| 107|0x0000000707700000, 0x0000000707700000, 0x0000000707800000|  0%| F|  |TAMS 0x0000000707700000, 0x0000000707700000| Untracked 
| 108|0x0000000707800000, 0x0000000707800000, 0x0000000707900000|  0%| F|  |TAMS 0x0000000707800000, 0x0000000707800000| Untracked 
| 109|0x0000000707900000, 0x0000000707900000, 0x0000000707a00000|  0%| F|  |TAMS 0x0000000707900000, 0x0000000707900000| Untracked 
| 110|0x0000000707a00000, 0x0000000707a00000, 0x0000000707b00000|  0%| F|  |TAMS 0x0000000707a00000, 0x0000000707a00000| Untracked 
| 111|0x0000000707b00000, 0x0000000707b00000, 0x0000000707c00000|  0%| F|  |TAMS 0x0000000707b00000, 0x0000000707b00000| Untracked 
| 112|0x0000000707c00000, 0x0000000707c00000, 0x0000000707d00000|  0%| F|  |TAMS 0x0000000707c00000, 0x0000000707c00000| Untracked 
| 113|0x0000000707d00000, 0x0000000707d00000, 0x0000000707e00000|  0%| F|  |TAMS 0x0000000707d00000, 0x0000000707d00000| Untracked 
| 114|0x0000000707e00000, 0x0000000707e00000, 0x0000000707f00000|  0%| F|  |TAMS 0x0000000707e00000, 0x0000000707e00000| Untracked 
| 115|0x0000000707f00000, 0x0000000707f00000, 0x0000000708000000|  0%| F|  |TAMS 0x0000000707f00000, 0x0000000707f00000| Untracked 
| 116|0x0000000708000000, 0x0000000708000000, 0x0000000708100000|  0%| F|  |TAMS 0x0000000708000000, 0x0000000708000000| Untracked 
| 117|0x0000000708100000, 0x0000000708100000, 0x0000000708200000|  0%| F|  |TAMS 0x0000000708100000, 0x0000000708100000| Untracked 
| 118|0x0000000708200000, 0x0000000708200000, 0x0000000708300000|  0%| F|  |TAMS 0x0000000708200000, 0x0000000708200000| Untracked 
| 119|0x0000000708300000, 0x0000000708300000, 0x0000000708400000|  0%| F|  |TAMS 0x0000000708300000, 0x0000000708300000| Untracked 
| 120|0x0000000708400000, 0x0000000708400000, 0x0000000708500000|  0%| F|  |TAMS 0x0000000708400000, 0x0000000708400000| Untracked 
| 121|0x0000000708500000, 0x0000000708500000, 0x0000000708600000|  0%| F|  |TAMS 0x0000000708500000, 0x0000000708500000| Untracked 
| 122|0x0000000708600000, 0x0000000708600000, 0x0000000708700000|  0%| F|  |TAMS 0x0000000708600000, 0x0000000708600000| Untracked 
| 123|0x0000000708700000, 0x0000000708700000, 0x0000000708800000|  0%| F|  |TAMS 0x0000000708700000, 0x0000000708700000| Untracked 
| 124|0x0000000708800000, 0x0000000708800000, 0x0000000708900000|  0%| F|  |TAMS 0x0000000708800000, 0x0000000708800000| Untracked 
| 125|0x0000000708900000, 0x0000000708900000, 0x0000000708a00000|  0%| F|  |TAMS 0x0000000708900000, 0x0000000708900000| Untracked 
| 126|0x0000000708a00000, 0x0000000708a00000, 0x0000000708b00000|  0%| F|  |TAMS 0x0000000708a00000, 0x0000000708a00000| Untracked 
| 127|0x0000000708b00000, 0x0000000708b00000, 0x0000000708c00000|  0%| F|  |TAMS 0x0000000708b00000, 0x0000000708b00000| Untracked 
| 128|0x0000000708c00000, 0x0000000708c00000, 0x0000000708d00000|  0%| F|  |TAMS 0x0000000708c00000, 0x0000000708c00000| Untracked 
| 129|0x0000000708d00000, 0x0000000708d00000, 0x0000000708e00000|  0%| F|  |TAMS 0x0000000708d00000, 0x0000000708d00000| Untracked 
| 130|0x0000000708e00000, 0x0000000708e00000, 0x0000000708f00000|  0%| F|  |TAMS 0x0000000708e00000, 0x0000000708e00000| Untracked 
| 131|0x0000000708f00000, 0x0000000708f00000, 0x0000000709000000|  0%| F|  |TAMS 0x0000000708f00000, 0x0000000708f00000| Untracked 
| 132|0x0000000709000000, 0x0000000709000000, 0x0000000709100000|  0%| F|  |TAMS 0x0000000709000000, 0x0000000709000000| Untracked 
| 133|0x0000000709100000, 0x0000000709100000, 0x0000000709200000|  0%| F|  |TAMS 0x0000000709100000, 0x0000000709100000| Untracked 
| 134|0x0000000709200000, 0x0000000709200000, 0x0000000709300000|  0%| F|  |TAMS 0x0000000709200000, 0x0000000709200000| Untracked 
| 135|0x0000000709300000, 0x0000000709300000, 0x0000000709400000|  0%| F|  |TAMS 0x0000000709300000, 0x0000000709300000| Untracked 
| 136|0x0000000709400000, 0x0000000709400000, 0x0000000709500000|  0%| F|  |TAMS 0x0000000709400000, 0x0000000709400000| Untracked 
| 137|0x0000000709500000, 0x0000000709500000, 0x0000000709600000|  0%| F|  |TAMS 0x0000000709500000, 0x0000000709500000| Untracked 
| 138|0x0000000709600000, 0x0000000709600000, 0x0000000709700000|  0%| F|  |TAMS 0x0000000709600000, 0x0000000709600000| Untracked 
| 139|0x0000000709700000, 0x0000000709700000, 0x0000000709800000|  0%| F|  |TAMS 0x0000000709700000, 0x0000000709700000| Untracked 
| 140|0x0000000709800000, 0x0000000709800000, 0x0000000709900000|  0%| F|  |TAMS 0x0000000709800000, 0x0000000709800000| Untracked 
| 141|0x0000000709900000, 0x0000000709900000, 0x0000000709a00000|  0%| F|  |TAMS 0x0000000709900000, 0x0000000709900000| Untracked 
| 142|0x0000000709a00000, 0x0000000709a00000, 0x0000000709b00000|  0%| F|  |TAMS 0x0000000709a00000, 0x0000000709a00000| Untracked 
| 143|0x0000000709b00000, 0x0000000709b00000, 0x0000000709c00000|  0%| F|  |TAMS 0x0000000709b00000, 0x0000000709b00000| Untracked 
| 144|0x0000000709c00000, 0x0000000709c00000, 0x0000000709d00000|  0%| F|  |TAMS 0x0000000709c00000, 0x0000000709c00000| Untracked 
| 145|0x0000000709d00000, 0x0000000709d00000, 0x0000000709e00000|  0%| F|  |TAMS 0x0000000709d00000, 0x0000000709d00000| Untracked 
| 146|0x0000000709e00000, 0x0000000709e00000, 0x0000000709f00000|  0%| F|  |TAMS 0x0000000709e00000, 0x0000000709e00000| Untracked 
| 147|0x0000000709f00000, 0x0000000709f00000, 0x000000070a000000|  0%| F|  |TAMS 0x0000000709f00000, 0x0000000709f00000| Untracked 
| 148|0x000000070a000000, 0x000000070a000000, 0x000000070a100000|  0%| F|  |TAMS 0x000000070a000000, 0x000000070a000000| Untracked 
| 149|0x000000070a100000, 0x000000070a100000, 0x000000070a200000|  0%| F|  |TAMS 0x000000070a100000, 0x000000070a100000| Untracked 
| 150|0x000000070a200000, 0x000000070a200000, 0x000000070a300000|  0%| F|  |TAMS 0x000000070a200000, 0x000000070a200000| Untracked 
| 151|0x000000070a300000, 0x000000070a300000, 0x000000070a400000|  0%| F|  |TAMS 0x000000070a300000, 0x000000070a300000| Untracked 
| 152|0x000000070a400000, 0x000000070a400000, 0x000000070a500000|  0%| F|  |TAMS 0x000000070a400000, 0x000000070a400000| Untracked 
| 153|0x000000070a500000, 0x000000070a500000, 0x000000070a600000|  0%| F|  |TAMS 0x000000070a500000, 0x000000070a500000| Untracked 
| 154|0x000000070a600000, 0x000000070a600000, 0x000000070a700000|  0%| F|  |TAMS 0x000000070a600000, 0x000000070a600000| Untracked 
| 155|0x000000070a700000, 0x000000070a700000, 0x000000070a800000|  0%| F|  |TAMS 0x000000070a700000, 0x000000070a700000| Untracked 
| 156|0x000000070a800000, 0x000000070a800000, 0x000000070a900000|  0%| F|  |TAMS 0x000000070a800000, 0x000000070a800000| Untracked 
| 157|0x000000070a900000, 0x000000070a900000, 0x000000070aa00000|  0%| F|  |TAMS 0x000000070a900000, 0x000000070a900000| Untracked 
| 158|0x000000070aa00000, 0x000000070aa00000, 0x000000070ab00000|  0%| F|  |TAMS 0x000000070aa00000, 0x000000070aa00000| Untracked 
| 159|0x000000070ab00000, 0x000000070ab00000, 0x000000070ac00000|  0%| F|  |TAMS 0x000000070ab00000, 0x000000070ab00000| Untracked 
| 160|0x000000070ac00000, 0x000000070ac00000, 0x000000070ad00000|  0%| F|  |TAMS 0x000000070ac00000, 0x000000070ac00000| Untracked 
| 161|0x000000070ad00000, 0x000000070ad00000, 0x000000070ae00000|  0%| F|  |TAMS 0x000000070ad00000, 0x000000070ad00000| Untracked 
| 162|0x000000070ae00000, 0x000000070ae00000, 0x000000070af00000|  0%| F|  |TAMS 0x000000070ae00000, 0x000000070ae00000| Untracked 
| 163|0x000000070af00000, 0x000000070af00000, 0x000000070b000000|  0%| F|  |TAMS 0x000000070af00000, 0x000000070af00000| Untracked 
| 164|0x000000070b000000, 0x000000070b000000, 0x000000070b100000|  0%| F|  |TAMS 0x000000070b000000, 0x000000070b000000| Untracked 
| 165|0x000000070b100000, 0x000000070b100000, 0x000000070b200000|  0%| F|  |TAMS 0x000000070b100000, 0x000000070b100000| Untracked 
| 166|0x000000070b200000, 0x000000070b200000, 0x000000070b300000|  0%| F|  |TAMS 0x000000070b200000, 0x000000070b200000| Untracked 
| 167|0x000000070b300000, 0x000000070b300000, 0x000000070b400000|  0%| F|  |TAMS 0x000000070b300000, 0x000000070b300000| Untracked 
| 168|0x000000070b400000, 0x000000070b400000, 0x000000070b500000|  0%| F|  |TAMS 0x000000070b400000, 0x000000070b400000| Untracked 
| 169|0x000000070b500000, 0x000000070b500000, 0x000000070b600000|  0%| F|  |TAMS 0x000000070b500000, 0x000000070b500000| Untracked 
| 170|0x000000070b600000, 0x000000070b600000, 0x000000070b700000|  0%| F|  |TAMS 0x000000070b600000, 0x000000070b600000| Untracked 
| 171|0x000000070b700000, 0x000000070b700000, 0x000000070b800000|  0%| F|  |TAMS 0x000000070b700000, 0x000000070b700000| Untracked 
| 172|0x000000070b800000, 0x000000070b800000, 0x000000070b900000|  0%| F|  |TAMS 0x000000070b800000, 0x000000070b800000| Untracked 
| 173|0x000000070b900000, 0x000000070b900000, 0x000000070ba00000|  0%| F|  |TAMS 0x000000070b900000, 0x000000070b900000| Untracked 
| 174|0x000000070ba00000, 0x000000070ba00000, 0x000000070bb00000|  0%| F|  |TAMS 0x000000070ba00000, 0x000000070ba00000| Untracked 
| 175|0x000000070bb00000, 0x000000070bb00000, 0x000000070bc00000|  0%| F|  |TAMS 0x000000070bb00000, 0x000000070bb00000| Untracked 
| 176|0x000000070bc00000, 0x000000070bc00000, 0x000000070bd00000|  0%| F|  |TAMS 0x000000070bc00000, 0x000000070bc00000| Untracked 
| 177|0x000000070bd00000, 0x000000070bd00000, 0x000000070be00000|  0%| F|  |TAMS 0x000000070bd00000, 0x000000070bd00000| Untracked 
| 178|0x000000070be00000, 0x000000070be00000, 0x000000070bf00000|  0%| F|  |TAMS 0x000000070be00000, 0x000000070be00000| Untracked 
| 179|0x000000070bf00000, 0x000000070bf00000, 0x000000070c000000|  0%| F|  |TAMS 0x000000070bf00000, 0x000000070bf00000| Untracked 
| 180|0x000000070c000000, 0x000000070c000000, 0x000000070c100000|  0%| F|  |TAMS 0x000000070c000000, 0x000000070c000000| Untracked 
| 181|0x000000070c100000, 0x000000070c100000, 0x000000070c200000|  0%| F|  |TAMS 0x000000070c100000, 0x000000070c100000| Untracked 
| 182|0x000000070c200000, 0x000000070c200000, 0x000000070c300000|  0%| F|  |TAMS 0x000000070c200000, 0x000000070c200000| Untracked 
| 183|0x000000070c300000, 0x000000070c300000, 0x000000070c400000|  0%| F|  |TAMS 0x000000070c300000, 0x000000070c300000| Untracked 
| 184|0x000000070c400000, 0x000000070c400000, 0x000000070c500000|  0%| F|  |TAMS 0x000000070c400000, 0x000000070c400000| Untracked 
| 185|0x000000070c500000, 0x000000070c500000, 0x000000070c600000|  0%| F|  |TAMS 0x000000070c500000, 0x000000070c500000| Untracked 
| 186|0x000000070c600000, 0x000000070c600000, 0x000000070c700000|  0%| F|  |TAMS 0x000000070c600000, 0x000000070c600000| Untracked 
| 187|0x000000070c700000, 0x000000070c700000, 0x000000070c800000|  0%| F|  |TAMS 0x000000070c700000, 0x000000070c700000| Untracked 
| 188|0x000000070c800000, 0x000000070c800000, 0x000000070c900000|  0%| F|  |TAMS 0x000000070c800000, 0x000000070c800000| Untracked 
| 189|0x000000070c900000, 0x000000070c900000, 0x000000070ca00000|  0%| F|  |TAMS 0x000000070c900000, 0x000000070c900000| Untracked 
| 190|0x000000070ca00000, 0x000000070ca00000, 0x000000070cb00000|  0%| F|  |TAMS 0x000000070ca00000, 0x000000070ca00000| Untracked 
| 191|0x000000070cb00000, 0x000000070cb00000, 0x000000070cc00000|  0%| F|  |TAMS 0x000000070cb00000, 0x000000070cb00000| Untracked 
| 192|0x000000070cc00000, 0x000000070cc00000, 0x000000070cd00000|  0%| F|  |TAMS 0x000000070cc00000, 0x000000070cc00000| Untracked 
| 193|0x000000070cd00000, 0x000000070cd00000, 0x000000070ce00000|  0%| F|  |TAMS 0x000000070cd00000, 0x000000070cd00000| Untracked 
| 194|0x000000070ce00000, 0x000000070ce00000, 0x000000070cf00000|  0%| F|  |TAMS 0x000000070ce00000, 0x000000070ce00000| Untracked 
| 195|0x000000070cf00000, 0x000000070cf00000, 0x000000070d000000|  0%| F|  |TAMS 0x000000070cf00000, 0x000000070cf00000| Untracked 
| 196|0x000000070d000000, 0x000000070d000000, 0x000000070d100000|  0%| F|  |TAMS 0x000000070d000000, 0x000000070d000000| Untracked 
| 197|0x000000070d100000, 0x000000070d100000, 0x000000070d200000|  0%| F|  |TAMS 0x000000070d100000, 0x000000070d100000| Untracked 
| 198|0x000000070d200000, 0x000000070d200000, 0x000000070d300000|  0%| F|  |TAMS 0x000000070d200000, 0x000000070d200000| Untracked 
| 199|0x000000070d300000, 0x000000070d300000, 0x000000070d400000|  0%| F|  |TAMS 0x000000070d300000, 0x000000070d300000| Untracked 
| 200|0x000000070d400000, 0x000000070d400000, 0x000000070d500000|  0%| F|  |TAMS 0x000000070d400000, 0x000000070d400000| Untracked 
| 201|0x000000070d500000, 0x000000070d500000, 0x000000070d600000|  0%| F|  |TAMS 0x000000070d500000, 0x000000070d500000| Untracked 
| 202|0x000000070d600000, 0x000000070d600000, 0x000000070d700000|  0%| F|  |TAMS 0x000000070d600000, 0x000000070d600000| Untracked 
| 203|0x000000070d700000, 0x000000070d700000, 0x000000070d800000|  0%| F|  |TAMS 0x000000070d700000, 0x000000070d700000| Untracked 
| 204|0x000000070d800000, 0x000000070d800000, 0x000000070d900000|  0%| F|  |TAMS 0x000000070d800000, 0x000000070d800000| Untracked 
| 205|0x000000070d900000, 0x000000070d900000, 0x000000070da00000|  0%| F|  |TAMS 0x000000070d900000, 0x000000070d900000| Untracked 
| 206|0x000000070da00000, 0x000000070da00000, 0x000000070db00000|  0%| F|  |TAMS 0x000000070da00000, 0x000000070da00000| Untracked 
| 207|0x000000070db00000, 0x000000070db00000, 0x000000070dc00000|  0%| F|  |TAMS 0x000000070db00000, 0x000000070db00000| Untracked 
| 208|0x000000070dc00000, 0x000000070dc00000, 0x000000070dd00000|  0%| F|  |TAMS 0x000000070dc00000, 0x000000070dc00000| Untracked 
| 209|0x000000070dd00000, 0x000000070dd00000, 0x000000070de00000|  0%| F|  |TAMS 0x000000070dd00000, 0x000000070dd00000| Untracked 
| 210|0x000000070de00000, 0x000000070de00000, 0x000000070df00000|  0%| F|  |TAMS 0x000000070de00000, 0x000000070de00000| Untracked 
| 211|0x000000070df00000, 0x000000070df00000, 0x000000070e000000|  0%| F|  |TAMS 0x000000070df00000, 0x000000070df00000| Untracked 
| 212|0x000000070e000000, 0x000000070e000000, 0x000000070e100000|  0%| F|  |TAMS 0x000000070e000000, 0x000000070e000000| Untracked 
| 213|0x000000070e100000, 0x000000070e100000, 0x000000070e200000|  0%| F|  |TAMS 0x000000070e100000, 0x000000070e100000| Untracked 
| 214|0x000000070e200000, 0x000000070e200000, 0x000000070e300000|  0%| F|  |TAMS 0x000000070e200000, 0x000000070e200000| Untracked 
| 215|0x000000070e300000, 0x000000070e300000, 0x000000070e400000|  0%| F|  |TAMS 0x000000070e300000, 0x000000070e300000| Untracked 
| 216|0x000000070e400000, 0x000000070e400000, 0x000000070e500000|  0%| F|  |TAMS 0x000000070e400000, 0x000000070e400000| Untracked 
| 217|0x000000070e500000, 0x000000070e500000, 0x000000070e600000|  0%| F|  |TAMS 0x000000070e500000, 0x000000070e500000| Untracked 
| 218|0x000000070e600000, 0x000000070e600000, 0x000000070e700000|  0%| F|  |TAMS 0x000000070e600000, 0x000000070e600000| Untracked 
| 219|0x000000070e700000, 0x000000070e700000, 0x000000070e800000|  0%| F|  |TAMS 0x000000070e700000, 0x000000070e700000| Untracked 
| 220|0x000000070e800000, 0x000000070e800000, 0x000000070e900000|  0%| F|  |TAMS 0x000000070e800000, 0x000000070e800000| Untracked 
| 221|0x000000070e900000, 0x000000070e900000, 0x000000070ea00000|  0%| F|  |TAMS 0x000000070e900000, 0x000000070e900000| Untracked 
| 222|0x000000070ea00000, 0x000000070ea00000, 0x000000070eb00000|  0%| F|  |TAMS 0x000000070ea00000, 0x000000070ea00000| Untracked 
| 223|0x000000070eb00000, 0x000000070eb00000, 0x000000070ec00000|  0%| F|  |TAMS 0x000000070eb00000, 0x000000070eb00000| Untracked 
| 224|0x000000070ec00000, 0x000000070ec00000, 0x000000070ed00000|  0%| F|  |TAMS 0x000000070ec00000, 0x000000070ec00000| Untracked 
| 225|0x000000070ed00000, 0x000000070ed00000, 0x000000070ee00000|  0%| F|  |TAMS 0x000000070ed00000, 0x000000070ed00000| Untracked 
| 226|0x000000070ee00000, 0x000000070ee00000, 0x000000070ef00000|  0%| F|  |TAMS 0x000000070ee00000, 0x000000070ee00000| Untracked 
| 227|0x000000070ef00000, 0x000000070ef00000, 0x000000070f000000|  0%| F|  |TAMS 0x000000070ef00000, 0x000000070ef00000| Untracked 
| 228|0x000000070f000000, 0x000000070f000000, 0x000000070f100000|  0%| F|  |TAMS 0x000000070f000000, 0x000000070f000000| Untracked 
| 229|0x000000070f100000, 0x000000070f100000, 0x000000070f200000|  0%| F|  |TAMS 0x000000070f100000, 0x000000070f100000| Untracked 
| 230|0x000000070f200000, 0x000000070f200000, 0x000000070f300000|  0%| F|  |TAMS 0x000000070f200000, 0x000000070f200000| Untracked 
| 231|0x000000070f300000, 0x000000070f300000, 0x000000070f400000|  0%| F|  |TAMS 0x000000070f300000, 0x000000070f300000| Untracked 
| 232|0x000000070f400000, 0x000000070f400000, 0x000000070f500000|  0%| F|  |TAMS 0x000000070f400000, 0x000000070f400000| Untracked 
| 233|0x000000070f500000, 0x000000070f500000, 0x000000070f600000|  0%| F|  |TAMS 0x000000070f500000, 0x000000070f500000| Untracked 
| 234|0x000000070f600000, 0x000000070f600000, 0x000000070f700000|  0%| F|  |TAMS 0x000000070f600000, 0x000000070f600000| Untracked 
| 235|0x000000070f700000, 0x000000070f700000, 0x000000070f800000|  0%| F|  |TAMS 0x000000070f700000, 0x000000070f700000| Untracked 
| 236|0x000000070f800000, 0x000000070f800000, 0x000000070f900000|  0%| F|  |TAMS 0x000000070f800000, 0x000000070f800000| Untracked 
| 237|0x000000070f900000, 0x000000070f900000, 0x000000070fa00000|  0%| F|  |TAMS 0x000000070f900000, 0x000000070f900000| Untracked 
| 238|0x000000070fa00000, 0x000000070fa00000, 0x000000070fb00000|  0%| F|  |TAMS 0x000000070fa00000, 0x000000070fa00000| Untracked 
| 239|0x000000070fb00000, 0x000000070fb00000, 0x000000070fc00000|  0%| F|  |TAMS 0x000000070fb00000, 0x000000070fb00000| Untracked 
| 240|0x000000070fc00000, 0x000000070fc00000, 0x000000070fd00000|  0%| F|  |TAMS 0x000000070fc00000, 0x000000070fc00000| Untracked 
| 241|0x000000070fd00000, 0x000000070fd00000, 0x000000070fe00000|  0%| F|  |TAMS 0x000000070fd00000, 0x000000070fd00000| Untracked 
| 242|0x000000070fe00000, 0x000000070fe00000, 0x000000070ff00000|  0%| F|  |TAMS 0x000000070fe00000, 0x000000070fe00000| Untracked 
| 243|0x000000070ff00000, 0x000000070ff00000, 0x0000000710000000|  0%| F|  |TAMS 0x000000070ff00000, 0x000000070ff00000| Untracked 
| 244|0x0000000710000000, 0x0000000710000000, 0x0000000710100000|  0%| F|  |TAMS 0x0000000710000000, 0x0000000710000000| Untracked 
| 245|0x0000000710100000, 0x0000000710100000, 0x0000000710200000|  0%| F|  |TAMS 0x0000000710100000, 0x0000000710100000| Untracked 
| 246|0x0000000710200000, 0x0000000710200000, 0x0000000710300000|  0%| F|  |TAMS 0x0000000710200000, 0x0000000710200000| Untracked 
| 247|0x0000000710300000, 0x0000000710300000, 0x0000000710400000|  0%| F|  |TAMS 0x0000000710300000, 0x0000000710300000| Untracked 
| 248|0x0000000710400000, 0x0000000710400000, 0x0000000710500000|  0%| F|  |TAMS 0x0000000710400000, 0x0000000710400000| Untracked 
| 249|0x0000000710500000, 0x0000000710500000, 0x0000000710600000|  0%| F|  |TAMS 0x0000000710500000, 0x0000000710500000| Untracked 
| 250|0x0000000710600000, 0x0000000710600000, 0x0000000710700000|  0%| F|  |TAMS 0x0000000710600000, 0x0000000710600000| Untracked 
| 251|0x0000000710700000, 0x0000000710700000, 0x0000000710800000|  0%| F|  |TAMS 0x0000000710700000, 0x0000000710700000| Untracked 
| 252|0x0000000710800000, 0x00000007108f7c98, 0x0000000710900000| 96%| E|  |TAMS 0x0000000710800000, 0x0000000710800000| Complete 
| 253|0x0000000710900000, 0x0000000710a00000, 0x0000000710a00000|100%| E|CS|TAMS 0x0000000710900000, 0x0000000710900000| Complete 
| 254|0x0000000710a00000, 0x0000000710b00000, 0x0000000710b00000|100%| E|CS|TAMS 0x0000000710a00000, 0x0000000710a00000| Complete 
| 255|0x0000000710b00000, 0x0000000710c00000, 0x0000000710c00000|100%| E|CS|TAMS 0x0000000710b00000, 0x0000000710b00000| Complete 

Card table byte_map: [0x0000023736b50000,0x0000023737350000] _byte_map_base: 0x000002373334a000

Marking Bits (Prev, Next): (CMBitMap*) 0x000002371ecf8338, (CMBitMap*) 0x000002371ecf8370
 Prev Bits: [0x0000023737b50000, 0x000002373bb20000)
 Next Bits: [0x000002373bb20000, 0x000002373faf0000)

Polling page: 0x000002371cc70000

Metaspace:

Usage:
  Non-class:      6.52 MB capacity,     6.44 MB ( 99%) used,    82.09 KB (  1%) free+waste,     6.56 KB ( <1%) overhead. 
      Class:    722.00 KB capacity,   653.92 KB ( 91%) used,    64.83 KB (  9%) free+waste,     3.25 KB ( <1%) overhead. 
       Both:      7.23 MB capacity,     7.08 MB ( 98%) used,   146.92 KB (  2%) free+waste,     9.81 KB ( <1%) overhead. 

Virtual space:
  Non-class space:        8.00 MB reserved,       6.75 MB ( 84%) committed 
      Class space:        1.00 GB reserved,     768.00 KB ( <1%) committed 
             Both:        1.01 GB reserved,       7.50 MB ( <1%) committed 

Chunk freelists:
   Non-Class:  4.38 KB
       Class:  1.50 KB
        Both:  5.88 KB

CodeHeap 'non-profiled nmethods': size=120000Kb used=90Kb max_used=90Kb free=119909Kb
 bounds [0x000002372eaf0000, 0x000002372ed60000, 0x0000023736020000]
CodeHeap 'profiled nmethods': size=120000Kb used=477Kb max_used=477Kb free=119522Kb
 bounds [0x00000237275c0000, 0x0000023727830000, 0x000002372eaf0000]
CodeHeap 'non-nmethods': size=5760Kb used=1070Kb max_used=1079Kb free=4689Kb
 bounds [0x0000023727020000, 0x0000023727290000, 0x00000237275c0000]
 total_blobs=747 nmethods=322 adapters=268
 compilation: enabled
              stopped_count=0, restarted_count=0
 full_count=0

Compilation events (10 events):
Event: 0.532 Thread 0x0000023742f93800  147       3       java.lang.StringBuilder::toString (35 bytes)
Event: 0.532 Thread 0x0000023742f93800 nmethod 147 0x00000237275f7090 code [0x00000237275f7280, 0x00000237275f77a0]
Event: 0.540 Thread 0x0000023742f93800  148       3       java.lang.StringLatin1::replace (196 bytes)
Event: 0.540 Thread 0x0000023742f93800 nmethod 148 0x00000237275f7910 code [0x00000237275f7b80, 0x00000237275f8880]
Event: 0.541 Thread 0x0000023742f93800  149       1       java.net.URL::getHost (5 bytes)
Event: 0.541 Thread 0x0000023742f93800 nmethod 149 0x000002372eaf8a10 code [0x000002372eaf8bc0, 0x000002372eaf8cd8]
Event: 0.565 Thread 0x0000023742f93800  151       1       java.lang.Enum::ordinal (5 bytes)
Event: 0.565 Thread 0x0000023742f93800 nmethod 151 0x000002372eaf8f90 code [0x000002372eaf9140, 0x000002372eaf9258]
Event: 0.567 Thread 0x0000023742f93800  153       1       java.lang.Class::getClassLoader0 (5 bytes)
Event: 0.567 Thread 0x0000023742f93800 nmethod 153 0x000002372eaf9510 code [0x000002372eaf96c0, 0x000002372eaf97d8]

GC Heap History (0 events):
No events

Deoptimization events (1 events):
Event: 0.133 Thread 0x000002371ec94000 Uncommon trap: reason=unstable_if action=reinterpret pc=0x000002372eaf56a0 method=java.lang.String.hashCode()I @ 14 c2

Classes redefined (0 events):
No events

Internal exceptions (2 events):
Event: 0.203 Thread 0x000002371ec94000 Exception <a 'java/io/FileNotFoundException'{0x000000071091f608}> (0x000000071091f608) thrown at [t:/workspace/open/src/hotspot/share/prims/jni.cpp, line 615]
Event: 0.508 Thread 0x000002371ec94000 Exception <a 'java/io/FileNotFoundException'{0x0000000710931490}> (0x0000000710931490) thrown at [t:/workspace/open/src/hotspot/share/prims/jni.cpp, line 615]

Events (10 events):
Event: 0.570 loading class jdk/internal/org/objectweb/asm/ClassWriter
Event: 0.570 loading class jdk/internal/org/objectweb/asm/ClassVisitor
Event: 0.570 Executing VM operation: RevokeBias
Event: 0.570 loading class jdk/internal/org/objectweb/asm/ClassVisitor done
Event: 0.570 loading class jdk/internal/org/objectweb/asm/ClassWriter done
Event: 0.570 Executing VM operation: RevokeBias done
Event: 0.570 loading class jdk/internal/org/objectweb/asm/ByteVector
Event: 0.570 loading class jdk/internal/org/objectweb/asm/ByteVector done
Event: 0.570 loading class jdk/internal/org/objectweb/asm/Item
Event: 0.571 loading class jdk/internal/org/objectweb/asm/Item done


Dynamic libraries:
0x00007ff666b60000 - 0x00007ff666ba7000 	C:\Program Files\Java\jdk-11.0.6\bin\javaw.exe
0x00007ffcbe140000 - 0x00007ffcbe330000 	C:\Windows\SYSTEM32\ntdll.dll
0x00007ffcbdb00000 - 0x00007ffcbdbb2000 	C:\Windows\System32\KERNEL32.DLL
0x00007ffcbb650000 - 0x00007ffcbb8f3000 	C:\Windows\System32\KERNELBASE.dll
0x00007ffcbcb70000 - 0x00007ffcbcc13000 	C:\Windows\System32\ADVAPI32.dll
0x00007ffcbc220000 - 0x00007ffcbc2be000 	C:\Windows\System32\msvcrt.dll
0x00007ffcbc2c0000 - 0x00007ffcbc357000 	C:\Windows\System32\sechost.dll
0x00007ffcbc7e0000 - 0x00007ffcbc900000 	C:\Windows\System32\RPCRT4.dll
0x00007ffcbc900000 - 0x00007ffcbca93000 	C:\Windows\System32\USER32.dll
0x00007ffcbb190000 - 0x00007ffcbb1b1000 	C:\Windows\System32\win32u.dll
0x00007ffcbcaa0000 - 0x00007ffcbcac6000 	C:\Windows\System32\GDI32.dll
0x00007ffcbb280000 - 0x00007ffcbb414000 	C:\Windows\System32\gdi32full.dll
0x00007ffcbb1c0000 - 0x00007ffcbb25e000 	C:\Windows\System32\msvcp_win.dll
0x00007ffcbc080000 - 0x00007ffcbc17a000 	C:\Windows\System32\ucrtbase.dll
0x00007ffcb4eb0000 - 0x00007ffcb4eba000 	C:\Windows\SYSTEM32\VERSION.dll
0x00007ffca6f60000 - 0x00007ffca71e5000 	C:\Windows\WinSxS\amd64_microsoft.windows.common-controls_6595b64144ccf1df_6.0.18362.239_none_e6c7aebd130c7608\COMCTL32.dll
0x00007ffcbc440000 - 0x00007ffcbc776000 	C:\Windows\System32\combase.dll
0x00007ffcbc180000 - 0x00007ffcbc200000 	C:\Windows\System32\bcryptPrimitives.dll
0x00007ffcbcad0000 - 0x00007ffcbcafe000 	C:\Windows\System32\IMM32.DLL
0x00007ffc8cee0000 - 0x00007ffc8cef6000 	C:\Program Files\Java\jdk-11.0.6\bin\vcruntime140.dll
0x00007ffc7a480000 - 0x00007ffc7a52a000 	C:\Program Files\Java\jdk-11.0.6\bin\msvcp140.dll
0x00007ffc83ed0000 - 0x00007ffc849f9000 	C:\Program Files\Java\jdk-11.0.6\bin\server\jvm.dll
0x00007ffcbd250000 - 0x00007ffcbd258000 	C:\Windows\System32\PSAPI.DLL
0x00007ffcb82f0000 - 0x00007ffcb8314000 	C:\Windows\SYSTEM32\WINMM.dll
0x00007ffcb4dc0000 - 0x00007ffcb4dc9000 	C:\Windows\SYSTEM32\WSOCK32.dll
0x00007ffcbcf20000 - 0x00007ffcbcf8f000 	C:\Windows\System32\WS2_32.dll
0x00007ffcb82c0000 - 0x00007ffcb82ed000 	C:\Windows\SYSTEM32\WINMMBASE.dll
0x00007ffcbb140000 - 0x00007ffcbb18a000 	C:\Windows\System32\cfgmgr32.dll
0x00007ffcbb0c0000 - 0x00007ffcbb0d1000 	C:\Windows\System32\kernel.appcore.dll
0x00007ffcb01e0000 - 0x00007ffcb01f1000 	C:\Program Files\Java\jdk-11.0.6\bin\verify.dll
0x00007ffcaee40000 - 0x00007ffcaf034000 	C:\Windows\SYSTEM32\DBGHELP.DLL
0x00007ffca6de0000 - 0x00007ffca6e0a000 	C:\Windows\SYSTEM32\dbgcore.DLL
0x00007ffcb01b0000 - 0x00007ffcb01d9000 	C:\Program Files\Java\jdk-11.0.6\bin\java.dll
0x00007ffcb0190000 - 0x00007ffcb01a6000 	C:\Program Files\Java\jdk-11.0.6\bin\zip.dll
0x00007ffcb0180000 - 0x00007ffcb018a000 	C:\Program Files\Java\jdk-11.0.6\bin\jimage.dll
0x00007ffcbd260000 - 0x00007ffcbd940000 	C:\Windows\System32\SHELL32.dll
0x00007ffcbcff0000 - 0x00007ffcbd099000 	C:\Windows\System32\shcore.dll
0x00007ffcbb900000 - 0x00007ffcbc07b000 	C:\Windows\System32\windows.storage.dll
0x00007ffcbb0a0000 - 0x00007ffcbb0bf000 	C:\Windows\System32\profapi.dll
0x00007ffcbb050000 - 0x00007ffcbb09a000 	C:\Windows\System32\powrprof.dll
0x00007ffcbb020000 - 0x00007ffcbb030000 	C:\Windows\System32\UMPDC.dll
0x00007ffcbdaa0000 - 0x00007ffcbdaf2000 	C:\Windows\System32\shlwapi.dll
0x00007ffcbb260000 - 0x00007ffcbb277000 	C:\Windows\System32\cryptsp.dll
0x00007ffcb0160000 - 0x00007ffcb0179000 	C:\Program Files\Java\jdk-11.0.6\bin\net.dll
0x00007ffcb4fb0000 - 0x00007ffcb50a0000 	C:\Windows\SYSTEM32\WINHTTP.dll
0x00007ffcba890000 - 0x00007ffcba8f7000 	C:\Windows\system32\mswsock.dll
0x00007ffcb0140000 - 0x00007ffcb0153000 	C:\Program Files\Java\jdk-11.0.6\bin\nio.dll
0x0000000180000000 - 0x0000000180025000 	C:\Program Files\Java\jdk-11.0.6\bin\rxtxSerial.dll
0x00007ffc85630000 - 0x00007ffc857cf000 	C:\Program Files\Java\jdk-11.0.6\bin\awt.dll
0x00007ffcbdbc0000 - 0x00007ffcbdc84000 	C:\Windows\System32\OLEAUT32.dll
0x00007ffcb92f0000 - 0x00007ffcb937f000 	C:\Windows\SYSTEM32\apphelp.dll

dbghelp: loaded successfully - version: 4.0.5 - missing functions: none
symbol engine: initialized successfully - sym options: 0x614 - pdb path: .;C:\Program Files\Java\jdk-11.0.6\bin;C:\Windows\SYSTEM32;C:\Windows\WinSxS\amd64_microsoft.windows.common-controls_6595b64144ccf1df_6.0.18362.239_none_e6c7aebd130c7608;C:\Program Files\Java\jdk-11.0.6\bin\server

VM Arguments:
jvm_args: -Dfile.encoding=UTF-8 
java_command: serial.SerialReadWrite
java_class_path (initial): C:\network2\Client\bin;C:\lib\RXTXcomm.jar
Launcher Type: SUN_STANDARD

[Global flags]
     intx CICompilerCount                          = 4                                         {product} {ergonomic}
     uint ConcGCThreads                            = 2                                         {product} {ergonomic}
     uint G1ConcRefinementThreads                  = 8                                         {product} {ergonomic}
   size_t G1HeapRegionSize                         = 1048576                                   {product} {ergonomic}
    uintx GCDrainStackTargetSize                   = 64                                        {product} {ergonomic}
   size_t InitialHeapSize                          = 268435456                                 {product} {ergonomic}
   size_t MarkStackSize                            = 4194304                                   {product} {ergonomic}
   size_t MaxHeapSize                              = 4282384384                                {product} {ergonomic}
   size_t MaxNewSize                               = 2569011200                                {product} {ergonomic}
   size_t MinHeapDeltaBytes                        = 1048576                                   {product} {ergonomic}
    uintx NonNMethodCodeHeapSize                   = 5836300                                {pd product} {ergonomic}
    uintx NonProfiledCodeHeapSize                  = 122910970                              {pd product} {ergonomic}
    uintx ProfiledCodeHeapSize                     = 122910970                              {pd product} {ergonomic}
    uintx ReservedCodeCacheSize                    = 251658240                              {pd product} {ergonomic}
     bool SegmentedCodeCache                       = true                                      {product} {ergonomic}
     bool UseCompressedClassPointers               = true                                 {lp64_product} {ergonomic}
     bool UseCompressedOops                        = true                                 {lp64_product} {ergonomic}
     bool UseG1GC                                  = true                                      {product} {ergonomic}
     bool UseLargePagesIndividualAllocation        = false                                  {pd product} {ergonomic}

Logging:
Log output configuration:
 #0: stdout all=warning uptime,level,tags
 #1: stderr all=off uptime,level,tags

Environment Variables:
JAVA_HOME=C:\Program Files\Java\jdk-11.0.6
CLASSPATH=.;C:\lib\util.jar;C:\lib\ojdbc6.jar;
PATH=C:/Program Files/Java/jdk-11.0.6/bin/server;C:/Program Files/Java/jdk-11.0.6/bin;C:\oraclexe\app\oracle\product\11.2.0\server\bin;C:\Program Files\Java\jdk-11.0.6\bin;C:\Windows\system32;C:\Windows;C:\Windows\System32\Wbem;C:\Windows\System32\WindowsPowerShell\v1.0\;C:\Windows\System32\OpenSSH\;C:\Program Files\dotnet\;C:\Program Files\Microsoft SQL Server\130\Tools\Binn\;C:\Program Files\Microsoft SQL Server\Client SDK\ODBC\170\Tools\Binn\;C:\Program Files\Git\cmd;C:\Ruby24-x64\bin;C:\Users\student\AppData\Local\Programs\Python\Python37\Scripts\;C:\Users\student\AppData\Local\Programs\Python\Python37\;C:\Users\student\AppData\Local\Microsoft\WindowsApps;;C:\Users\student\AppData\Local\Programs\Microsoft VS Code\bin;C:\eclipse;
USERNAME=student
OS=Windows_NT
PROCESSOR_IDENTIFIER=Intel64 Family 6 Model 58 Stepping 9, GenuineIntel



---------------  S Y S T E M  ---------------

OS: Windows 10 , 64 bit Build 18362 (10.0.18362.86)

CPU:total 8 (initial active 8) (4 cores per cpu, 2 threads per core) family 6 model 58 stepping 9, cmov, cx8, fxsr, mmx, sse, sse2, sse3, ssse3, sse4.1, sse4.2, popcnt, avx, aes, clmul, erms, ht, tsc, tscinvbit, tscinv

Memory: 4k page, system-wide physical 16330M (10118M free)
TotalPageFile size 18762M (AvailPageFile size 10933M)
current process WorkingSet (physical memory assigned to process): 46M, peak: 46M
current process commit charge ("private bytes"): 343M, peak: 343M

vm_info: Java HotSpot(TM) 64-Bit Server VM (11.0.6+8-LTS) for windows-amd64 JRE (11.0.6+8-LTS), built on Dec 11 2019 09:17:57 by "mach5one" with MS VC++ 15.5 (VS2017)

END.
